Build started 5.12.2015 17.23.25.
     1>Project "C:\Users\Jussi\Desktop\PracticeProject\graphicsTutorials\Bengine\Bengine.vcxproj" on node 3 (Build target(s)).
     1>ClCompile:
         C:\Program Files (x86)\Microsoft Visual Studio 12.0\VC\bin\CL.exe /c /ZI /nologo /W3 /WX- /sdl /Od /Oy- /D WIN32 /D _DEBUG /D _LIB /D _UNICODE /D UNICODE /Gm /EHsc /RTC1 /MDd /GS /fp:precise /Zc:wchar_t /Zc:forScope /Fo"Debug\\" /Fd"Debug\vc120.pdb" /Gd /TP /analyze- /errorReport:prompt Errors.cpp GLSLProgram.cpp ImageLoader.cpp IOManager.cpp picoPNG.cpp ResourceManager.cpp Sprite.cpp TextureCache.cpp
         TextureCache.cpp
         Sprite.cpp
         ResourceManager.cpp
         picoPNG.cpp
         IOManager.cpp
     1>c:\users\jussi\desktop\practiceproject\graphicstutorials\bengine\iomanager.cpp(18): warning C4244: 'initializing' : conversion from 'std::streamoff' to 'int', possible loss of data
     1>c:\users\jussi\desktop\practiceproject\graphicstutorials\bengine\iomanager.cpp(22): warning C4244: '-=' : conversion from 'std::streamoff' to 'int', possible loss of data
         ImageLoader.cpp
         GLSLProgram.cpp
         Errors.cpp
         Generating Code...
       Lib:
         C:\Program Files (x86)\Microsoft Visual Studio 12.0\VC\bin\Lib.exe /OUT:"C:\Users\Jussi\Desktop\PracticeProject\graphicsTutorials\Debug\Bengine.lib" SDL2.lib SDL2main.lib opengl32.lib glew32.lib /NOLOGO Debug\Errors.obj
         Debug\GLSLProgram.obj
         Debug\ImageLoader.obj
         Debug\IOManager.obj
         Debug\picoPNG.obj
         Debug\ResourceManager.obj
         Debug\Sprite.obj
         Debug\TextureCache.obj
     1>opengl32.lib(OPENGL32.dll) : warning LNK4006: __NULL_IMPORT_DESCRIPTOR already defined in SDL2.lib(SDL2.dll); second definition ignored
     1>opengl32.lib(OPENGL32.dll) : warning LNK4221: This object file does not define any previously undefined public symbols, so it will not be used by any link operation that consumes this library
     1>glew32.lib(glew32.dll) : warning LNK4006: __NULL_IMPORT_DESCRIPTOR already defined in SDL2.lib(SDL2.dll); second definition ignored
     1>glew32.lib(glew32.dll) : warning LNK4221: This object file does not define any previously undefined public symbols, so it will not be used by any link operation that consumes this library
         Bengine.vcxproj -> C:\Users\Jussi\Desktop\PracticeProject\graphicsTutorials\Debug\Bengine.lib
     1>Done Building Project "C:\Users\Jussi\Desktop\PracticeProject\graphicsTutorials\Bengine\Bengine.vcxproj" (Build target(s)).

Build succeeded.

Time Elapsed 00:00:05.05
